*** Starting uWSGI 2.0.17.1 (64bit) on [Mon Aug 27 16:25:01 2018] ***
compiled with version: 5.4.0 20160609 on 21 July 2018 15:38:08
os: Linux-4.4.0-63-generic #84-Ubuntu SMP Wed Feb 1 17:20:32 UTC 2017
nodename: iZwz982qla1uxm1s5dnyo7Z
machine: x86_64
clock source: unix
detected number of CPU cores: 1
current working directory: /root/jianshuvue
detected binary path: /root/jianshuvue/venv/bin/uwsgi
!!! no internal routing support, rebuild with pcre support !!!
uWSGI running as root, you can use --uid/--gid/--chroot options
*** WARNING: you are running uWSGI as root !!! (use the --uid flag) *** 
chdir() to /root/jianshuvue
your processes number limit is 7859
your memory page size is 4096 bytes
detected max file descriptor number: 1024
lock engine: pthread robust mutexes
thunder lock: disabled (you can enable it with --thunder-lock)
uWSGI http bound on 0.0.0.0:8080 fd 3
uwsgi socket 0 bound to UNIX address /root/jianshuvue/jianshu.sock fd 6
uWSGI running as root, you can use --uid/--gid/--chroot options
*** WARNING: you are running uWSGI as root !!! (use the --uid flag) *** 
Python version: 3.5.2 (default, Nov 23 2017, 16:37:01)  [GCC 5.4.0 20160609]
*** Python threads support is disabled. You can enable it with --enable-threads ***
Python main interpreter initialized at 0x908c80
uWSGI running as root, you can use --uid/--gid/--chroot options
*** WARNING: you are running uWSGI as root !!! (use the --uid flag) *** 
your server socket listen backlog is limited to 100 connections
your mercy for graceful operations on workers is 60 seconds
mapped 364600 bytes (356 KB) for 4 cores
*** Operational MODE: preforking ***
WSGI app 0 (mountpoint='') ready in 1 seconds on interpreter 0x908c80 pid: 28734 (default app)
uWSGI running as root, you can use --uid/--gid/--chroot options
*** WARNING: you are running uWSGI as root !!! (use the --uid flag) *** 
*** uWSGI is running in multiple interpreter mode ***
spawned uWSGI master process (pid: 28734)
spawned uWSGI worker 1 (pid: 28762, cores: 1)
spawned uWSGI worker 2 (pid: 28763, cores: 1)
spawned uWSGI worker 3 (pid: 28764, cores: 1)
spawned uWSGI worker 4 (pid: 28765, cores: 1)
spawned uWSGI http 1 (pid: 28766)
*** Starting uWSGI 2.0.17.1 (64bit) on [Mon Aug 27 16:25:37 2018] ***
compiled with version: 5.4.0 20160609 on 21 July 2018 15:38:08
os: Linux-4.4.0-63-generic #84-Ubuntu SMP Wed Feb 1 17:20:32 UTC 2017
nodename: iZwz982qla1uxm1s5dnyo7Z
machine: x86_64
clock source: unix
detected number of CPU cores: 1
current working directory: /root/jianshuvue
detected binary path: /root/jianshuvue/venv/bin/uwsgi
!!! no internal routing support, rebuild with pcre support !!!
uWSGI running as root, you can use --uid/--gid/--chroot options
*** WARNING: you are running uWSGI as root !!! (use the --uid flag) *** 
chdir() to /root/jianshuvue
your processes number limit is 7859
your memory page size is 4096 bytes
detected max file descriptor number: 65535
lock engine: pthread robust mutexes
thunder lock: disabled (you can enable it with --thunder-lock)
probably another instance of uWSGI is running on the same address (0.0.0.0:8080).
bind(): Address already in use [core/socket.c line 769]
[pid: 28763|app: 0|req: 1/1] 223.104.6.27 () {44 vars in 1118 bytes} [Mon Aug 27 16:25:50 2018] GET /j/67eb7ed414d3 => generated 507 bytes in 9 msecs (HTTP/2.0 200) 2 headers in 80 bytes (1 switches on core 0)
[pid: 28765|app: 0|req: 1/2] 223.104.6.27 () {38 vars in 1016 bytes} [Mon Aug 27 16:25:50 2018] GET /static/js/manifest.9c0d5d48d651458cb4a5.js.map => generated 7896 bytes in 7 msecs via sendfile() (HTTP/2.0 200) 8 headers in 308 bytes (0 switches on core 0)
[pid: 28763|app: 0|req: 2/3] 223.104.6.27 () {38 vars in 1034 bytes} [Mon Aug 27 16:25:50 2018] GET /static/css/app.bfe2f1f867f6d5838e01e40f68826859.css.map => generated 83422 bytes in 6 msecs via sendfile() (HTTP/2.0 200) 8 headers in 310 bytes (0 switches on core 0)
/root/jianshuvue/venv/lib/python3.5/site-packages/pymongo/topology.py:149: UserWarning: MongoClient opened before fork. Create MongoClient only after forking. See PyMongo's documentation for details: http://api.mongodb.org/python/current/faq.html#is-pymongo-fork-safe
  "MongoClient opened before fork. Create MongoClient only "
[pid: 28764|app: 0|req: 1/4] 223.104.6.27 () {42 vars in 1050 bytes} [Mon Aug 27 16:25:50 2018] GET /j/null => generated 507 bytes in 17 msecs (HTTP/2.0 200) 2 headers in 80 bytes (1 switches on core 0)
[pid: 28765|app: 0|req: 2/5] 223.104.6.27 () {38 vars in 1012 bytes} [Mon Aug 27 16:25:50 2018] GET /static/js/vendor.aedc4bf776e4f5a1c482.js.map => generated 4687208 bytes in 10 msecs via sendfile() (HTTP/2.0 200) 8 headers in 314 bytes (16 switches on core 0)
[pid: 28765|app: 0|req: 3/6] 223.104.6.27 () {38 vars in 1006 bytes} [Mon Aug 27 16:25:50 2018] GET /static/js/app.69b78a9cfa2c12e78723.js.map => generated 195013 bytes in 0 msecs via sendfile() (HTTP/2.0 200) 8 headers in 310 bytes (1 switches on core 0)
[pid: 28763|app: 0|req: 3/7] 223.104.6.27 () {42 vars in 1080 bytes} [Mon Aug 27 16:25:50 2018] GET /api/article/67eb7ed414d3 => generated 23800 bytes in 44 msecs (HTTP/2.0 200) 3 headers in 106 bytes (1 switches on core 0)
/root/jianshuvue/venv/lib/python3.5/site-packages/pymongo/topology.py:149: UserWarning: MongoClient opened before fork. Create MongoClient only after forking. See PyMongo's documentation for details: http://api.mongodb.org/python/current/faq.html#is-pymongo-fork-safe
  "MongoClient opened before fork. Create MongoClient only "
[pid: 28763|app: 0|req: 4/8] 223.104.6.27 () {42 vars in 1060 bytes} [Mon Aug 27 16:25:51 2018] GET /favicon.ico => generated 507 bytes in 0 msecs (HTTP/2.0 200) 2 headers in 80 bytes (1 switches on core 0)
[pid: 28765|app: 0|req: 4/9] 223.104.6.27 () {42 vars in 1074 bytes} [Mon Aug 27 16:25:50 2018] GET /api/base/67eb7ed414d3 => generated 2485 bytes in 1581 msecs (HTTP/2.0 200) 3 headers in 105 bytes (1 switches on core 0)
[pid: 28763|app: 0|req: 5/10] 223.104.6.27 () {44 vars in 1132 bytes} [Mon Aug 27 16:26:01 2018] GET /api/base/67eb7ed414d3 => generated 2485 bytes in 1567 msecs (HTTP/2.0 200) 3 headers in 105 bytes (1 switches on core 0)
[pid: 28765|app: 0|req: 5/11] 223.104.6.27 () {42 vars in 1067 bytes} [Mon Aug 27 16:26:05 2018] GET /favicon.ico => generated 507 bytes in 5 msecs (HTTP/2.0 200) 2 headers in 80 bytes (1 switches on core 0)
gateway "uWSGI http 1" has been buried (pid: 28766)
...brutally killing workers...
worker 1 buried after 3 seconds
worker 2 buried after 3 seconds
worker 3 buried after 3 seconds
worker 4 buried after 3 seconds
binary reloading uWSGI...
chdir() to /root/jianshuvue
closing all non-uwsgi socket fds > 2 (max_fd = 1024)...
found fd 6 mapped to socket 0 (/root/jianshuvue/jianshu.sock)
running /root/jianshuvue/venv/bin/uwsgi
[uWSGI] getting INI configuration from /root/jianshuvue/jianshu.ini
*** Starting uWSGI 2.0.17.1 (64bit) on [Mon Aug 27 16:26:38 2018] ***
compiled with version: 5.4.0 20160609 on 21 July 2018 15:38:08
os: Linux-4.4.0-63-generic #84-Ubuntu SMP Wed Feb 1 17:20:32 UTC 2017
nodename: iZwz982qla1uxm1s5dnyo7Z
machine: x86_64
clock source: unix
detected number of CPU cores: 1
current working directory: /root/jianshuvue
detected binary path: /root/jianshuvue/venv/bin/uwsgi
!!! no internal routing support, rebuild with pcre support !!!
uWSGI running as root, you can use --uid/--gid/--chroot options
*** WARNING: you are running uWSGI as root !!! (use the --uid flag) *** 
chdir() to /root/jianshuvue
your processes number limit is 7859
your memory page size is 4096 bytes
detected max file descriptor number: 1024
lock engine: pthread robust mutexes
thunder lock: disabled (you can enable it with --thunder-lock)
uWSGI http bound on 0.0.0.0:8080 fd 3
uwsgi socket 0 inherited UNIX address /root/jianshuvue/jianshu.sock fd 6
uWSGI running as root, you can use --uid/--gid/--chroot options
*** WARNING: you are running uWSGI as root !!! (use the --uid flag) *** 
Python version: 3.5.2 (default, Nov 23 2017, 16:37:01)  [GCC 5.4.0 20160609]
*** Python threads support is disabled. You can enable it with --enable-threads ***
Python main interpreter initialized at 0x204ac00
uWSGI running as root, you can use --uid/--gid/--chroot options
*** WARNING: you are running uWSGI as root !!! (use the --uid flag) *** 
your server socket listen backlog is limited to 100 connections
your mercy for graceful operations on workers is 60 seconds
mapped 364600 bytes (356 KB) for 4 cores
*** Operational MODE: preforking ***
WSGI app 0 (mountpoint='') ready in 0 seconds on interpreter 0x204ac00 pid: 28734 (default app)
uWSGI running as root, you can use --uid/--gid/--chroot options
*** WARNING: you are running uWSGI as root !!! (use the --uid flag) *** 
*** uWSGI is running in multiple interpreter mode ***
gracefully (RE)spawned uWSGI master process (pid: 28734)
spawned uWSGI worker 1 (pid: 28805, cores: 1)
spawned uWSGI worker 2 (pid: 28806, cores: 1)
spawned uWSGI worker 3 (pid: 28807, cores: 1)
spawned uWSGI worker 4 (pid: 28808, cores: 1)
spawned uWSGI http 1 (pid: 28809)
Mon Aug 27 16:26:45 2018 - uWSGI worker 3 screams: UAAAAAAH my master disconnected: i will kill myself !!!
Mon Aug 27 16:26:45 2018 - uWSGI worker 4 screams: UAAAAAAH my master disconnected: i will kill myself !!!
Mon Aug 27 16:26:45 2018 - uWSGI worker 1 screams: UAAAAAAH my master disconnected: i will kill myself !!!
Mon Aug 27 16:26:45 2018 - uWSGI worker 2 screams: UAAAAAAH my master disconnected: i will kill myself !!!
*** Starting uWSGI 2.0.17.1 (64bit) on [Mon Aug 27 16:26:46 2018] ***
compiled with version: 5.4.0 20160609 on 21 July 2018 15:38:08
os: Linux-4.4.0-63-generic #84-Ubuntu SMP Wed Feb 1 17:20:32 UTC 2017
nodename: iZwz982qla1uxm1s5dnyo7Z
machine: x86_64
clock source: unix
detected number of CPU cores: 1
current working directory: /root/jianshuvue
detected binary path: /root/jianshuvue/venv/bin/uwsgi
!!! no internal routing support, rebuild with pcre support !!!
uWSGI running as root, you can use --uid/--gid/--chroot options
*** WARNING: you are running uWSGI as root !!! (use the --uid flag) *** 
chdir() to /root/jianshuvue
your processes number limit is 7859
your memory page size is 4096 bytes
detected max file descriptor number: 1024
lock engine: pthread robust mutexes
thunder lock: disabled (you can enable it with --thunder-lock)
uWSGI http bound on 0.0.0.0:8080 fd 3
uwsgi socket 0 bound to UNIX address /root/jianshuvue/jianshu.sock fd 6
uWSGI running as root, you can use --uid/--gid/--chroot options
*** WARNING: you are running uWSGI as root !!! (use the --uid flag) *** 
Python version: 3.5.2 (default, Nov 23 2017, 16:37:01)  [GCC 5.4.0 20160609]
*** Python threads support is disabled. You can enable it with --enable-threads ***
Python main interpreter initialized at 0xd58c80
uWSGI running as root, you can use --uid/--gid/--chroot options
*** WARNING: you are running uWSGI as root !!! (use the --uid flag) *** 
your server socket listen backlog is limited to 100 connections
your mercy for graceful operations on workers is 60 seconds
mapped 364600 bytes (356 KB) for 4 cores
*** Operational MODE: preforking ***
WSGI app 0 (mountpoint='') ready in 1 seconds on interpreter 0xd58c80 pid: 28833 (default app)
uWSGI running as root, you can use --uid/--gid/--chroot options
*** WARNING: you are running uWSGI as root !!! (use the --uid flag) *** 
*** uWSGI is running in multiple interpreter mode ***
spawned uWSGI master process (pid: 28833)
spawned uWSGI worker 1 (pid: 28858, cores: 1)
spawned uWSGI worker 2 (pid: 28859, cores: 1)
spawned uWSGI worker 3 (pid: 28860, cores: 1)
spawned uWSGI worker 4 (pid: 28861, cores: 1)
spawned uWSGI http 1 (pid: 28862)
/root/jianshuvue/venv/lib/python3.5/site-packages/pymongo/topology.py:149: UserWarning: MongoClient opened before fork. Create MongoClient only after forking. See PyMongo's documentation for details: http://api.mongodb.org/python/current/faq.html#is-pymongo-fork-safe
  "MongoClient opened before fork. Create MongoClient only "
[pid: 28859|app: 0|req: 1/1] 223.104.6.27 () {44 vars in 1132 bytes} [Mon Aug 27 16:26:47 2018] GET /api/base/67eb7ed414d3 => generated 2485 bytes in 1586 msecs (HTTP/2.0 200) 3 headers in 105 bytes (1 switches on core 0)
[pid: 28861|app: 0|req: 1/2] 223.104.6.27 () {42 vars in 1067 bytes} [Mon Aug 27 16:26:50 2018] GET /favicon.ico => generated 507 bytes in 9 msecs (HTTP/2.0 200) 2 headers in 80 bytes (1 switches on core 0)
[pid: 28858|app: 0|req: 1/3] 223.104.6.27 () {44 vars in 1118 bytes} [Mon Aug 27 16:26:54 2018] GET /j/67eb7ed414d3 => generated 507 bytes in 9 msecs (HTTP/2.0 200) 2 headers in 80 bytes (1 switches on core 0)
[pid: 28861|app: 0|req: 2/4] 223.104.6.27 () {42 vars in 1050 bytes} [Mon Aug 27 16:26:54 2018] GET /j/null => generated 507 bytes in 0 msecs (HTTP/2.0 200) 2 headers in 80 bytes (1 switches on core 0)
[pid: 28859|app: 0|req: 2/5] 223.104.6.27 () {42 vars in 1080 bytes} [Mon Aug 27 16:26:54 2018] GET /api/article/67eb7ed414d3 => generated 23800 bytes in 32 msecs (HTTP/2.0 200) 3 headers in 106 bytes (1 switches on core 0)
/root/jianshuvue/venv/lib/python3.5/site-packages/pymongo/topology.py:149: UserWarning: MongoClient opened before fork. Create MongoClient only after forking. See PyMongo's documentation for details: http://api.mongodb.org/python/current/faq.html#is-pymongo-fork-safe
  "MongoClient opened before fork. Create MongoClient only "
[pid: 28858|app: 0|req: 2/6] 223.104.6.27 () {42 vars in 1060 bytes} [Mon Aug 27 16:26:56 2018] GET /favicon.ico => generated 507 bytes in 0 msecs (HTTP/2.0 200) 2 headers in 80 bytes (1 switches on core 0)
[pid: 28861|app: 0|req: 3/7] 223.104.6.27 () {42 vars in 1074 bytes} [Mon Aug 27 16:26:55 2018] GET /api/base/67eb7ed414d3 => generated 2485 bytes in 1195 msecs (HTTP/2.0 200) 3 headers in 105 bytes (1 switches on core 0)
